ES2RT linker log file created on lunes, 7 de octubre de 2019 18:59:46

Linking...
User Info - Resource Id [ NrOfTags ], caused in [ LinkerVar ]
User Warning - Resource Id [ AnimationVisibilityWithoutTag ], containing object type [ DYNAMIC_DUMMY_HATCH ]
User Warning - Resource Id [ AnimationVisibilityWithoutTag ], containing object type [ DYNAMIC_DUMMY_HATCH ]
User Warning - Resource Id [ AnimationVisibilityWithoutTag ], containing object type [ DYNAMIC_DUMMY_HATCH ]
User Warning - Resource Id [ AnimationVisibilityWithoutTag ], containing object type [ DYNAMIC_DUMMY_HATCH ]
User Warning - Resource Id [ AnimationVisibilityWithoutTag ], containing object type [ DYNAMIC_DUMMY_HATCH ]
User Warning - Resource Id [ AnimationVisibilityWithoutTag ], containing object type [ DYNAMIC_DUMMY_HATCH ]
User Warning - Resource Id [ AnimationVisibilityWithoutTag ], containing object type [ DYNAMIC_DUMMY_HATCH ]
User Warning - Resource Id [ AnimationVisibilityWithoutTag ], containing object type [ DYNAMIC_DUMMY_HATCH ]
User Warning - Resource Id [ AnimationVisibilityWithoutTag ], containing object type [ DYNAMIC_DUMMY_HATCH ]
User Warning - Resource Id [ AnimationVisibilityWithoutTag ], containing object type [ DYNAMIC_DUMMY_HATCH ]
User Warning - Resource Id [ AnimationVisibilityWithoutTag ], containing object type [ DYNAMIC_DUMMY_HATCH ]
User Warning - Resource Id [ AnimationVisibilityWithoutTag ], containing object type [ DYNAMIC_DUMMY_HATCH ]
User Warning - Resource Id [ AnimationVisibilityWithoutTag ], containing object type [ DYNAMIC_DUMMY_HATCH ]
User Warning - Resource Id [ AnimationVisibilityWithoutTag ], containing object type [ DYNAMIC_DUMMY_HATCH ]
User Warning - Resource Id [ AnimationVisibilityWithoutTag ], containing object type [ DYNAMIC_DUMMY_HATCH ]
User Warning - Resource Id [ AnimationVisibilityWithoutTag ], containing object type [ DYNAMIC_DUMMY_HATCH ]
User Warning - Resource Id [ AnimationVisibilityWithoutTag ], containing object type [ DYNAMIC_DUMMY_HATCH ]
User Warning - Resource Id [ AnimationVisibilityWithoutTag ], containing object type [ DYNAMIC_DUMMY_HATCH ]
User Warning - Resource Id [ AnimationVisibilityWithoutTag ], containing object type [ DYNAMIC_DUMMY_HATCH ]
User Warning - Resource Id [ AnimationVisibilityWithoutTag ], containing object type [ DYNAMIC_DUMMY_HATCH ]
User Warning - Resource Id [ AnimationVisibilityWithoutTag ], containing object type [ DYNAMIC_DUMMY_HATCH ]
User Warning - Resource Id [ AnimationVisibilityWithoutTag ], containing object type [ DYNAMIC_DUMMY_HATCH ]
User Warning - Resource Id [ AnimationVisibilityWithoutTag ], containing object type [ DYNAMIC_DUMMY_HATCH ]
User Warning - Resource Id [ AnimationVisibilityWithoutTag ], containing object type [ DYNAMIC_DUMMY_HATCH ]
User Warning - Resource Id [ AnimationVisibilityWithoutTag ], containing object type [ DYNAMIC_DUMMY_HATCH ]
User Warning - Resource Id [ AnimationVisibilityWithoutTag ], containing object type [ DYNAMIC_DUMMY_HATCH ]
User Warning - Resource Id [ AnimationVisibilityWithoutTag ], containing object type [ DYNAMIC_DUMMY_HATCH ]
User Warning - Resource Id [ AnimationVisibilityWithoutTag ], containing object type [ DYNAMIC_DUMMY_HATCH ]
User Warning - Resource Id [ AnimationVisibilityWithoutTag ], containing object type [ DYNAMIC_DUMMY_HATCH ]
User Warning - Resource Id [ AnimationVisibilityWithoutTag ], containing object type [ DYNAMIC_DUMMY_HATCH ]
User Warning - Resource Id [ AnimationVisibilityWithoutTag ], containing object type [ DYNAMIC_DUMMY_HATCH ]
User Warning - Resource Id [ AnimationVisibilityWithoutTag ], containing object type [ DYNAMIC_DUMMY_HATCH ]
User Warning - Resource Id [ AnimationVisibilityWithoutTag ], containing object type [ DYNAMIC_DUMMY_HATCH ]
User Warning - Resource Id [ AnimationVisibilityWithoutTag ], containing object type [ DYNAMIC_DUMMY_HATCH ]
User Warning - Resource Id [ AnimationVisibilityWithoutTag ], containing object type [ DYNAMIC_DUMMY_HATCH ]
User Warning - Resource Id [ AnimationVisibilityWithoutTag ], containing object type [ DYNAMIC_DUMMY_HATCH ]
User Warning - Resource Id [ AnimationVisibilityWithoutTag ], containing object type [ DYNAMIC_DUMMY_HATCH ]
User Warning - Resource Id [ AnimationVisibilityWithoutTag ], containing object type [ DYNAMIC_DUMMY_HATCH ]
User Warning - Resource Id [ AnimationVisibilityWithoutTag ], containing object type [ DYNAMIC_DUMMY_HATCH ]
User Info - Resource Id [ NumberPowerTags ], caused in [ LinkerLicense ]
0 errors, 39 warnings - succeeded.

Writing "C:\Users\Christopher\Desktop\PROYECTO2_AUTO2\Proyecto\HmiEs\PROJECT_1\PROJECT_1.Device_1"...
Done.
